{"/home/origin/project/web/ims-backend/src/exceptions/app-error.ts": {"path":"/home/origin/project/web/ims-backend/src/exceptions/app-error.ts","statementMap":{"0":{"start":{"line":7,"column":4},"end":{"line":7,"column":null}},"1":{"start":{"line":3,"column":11},"end":{"line":3,"column":null}},"2":{"start":{"line":4,"column":11},"end":{"line":4,"column":null}},"3":{"start":{"line":8,"column":4},"end":{"line":8,"column":null}}},"fnMap":{"0":{"name":"constructor","decl":{"start":{"line":2,"column":2},"end":{"line":2,"column":null}},"loc":{"start":{"line":6,"column":4},"end":{"line":9,"column":null}},"line":6}},"branchMap":{},"s":{"0":2,"1":2,"2":2,"3":2},"f":{"0":2},"b":{},"meta":{"lastBranch":0,"lastFunction":1,"lastStatement":4,"seen":{"f:2:2:2:Infinity":0,"s:7:4:7:Infinity":0,"s:3:11:3:Infinity":1,"s:4:11:4:Infinity":2,"s:8:4:8:Infinity":3},"fnNames":{}}}
,"/home/origin/project/web/ims-backend/src/modules/categories/categories.service.ts": {"path":"/home/origin/project/web/ims-backend/src/modules/categories/categories.service.ts","statementMap":{"0":{"start":{"line":6,"column":4},"end":{"line":10,"column":null}},"1":{"start":{"line":14,"column":4},"end":{"line":18,"column":null}},"2":{"start":{"line":22,"column":4},"end":{"line":24,"column":null}},"3":{"start":{"line":28,"column":4},"end":{"line":33,"column":null}},"4":{"start":{"line":37,"column":4},"end":{"line":41,"column":null}}},"fnMap":{"0":{"name":"findAll","decl":{"start":{"line":5,"column":15},"end":{"line":5,"column":25}},"loc":{"start":{"line":5,"column":25},"end":{"line":11,"column":null}},"line":5},"1":{"name":"findById","decl":{"start":{"line":13,"column":15},"end":{"line":13,"column":24}},"loc":{"start":{"line":13,"column":36},"end":{"line":19,"column":null}},"line":13},"2":{"name":"create","decl":{"start":{"line":21,"column":15},"end":{"line":21,"column":22}},"loc":{"start":{"line":21,"column":49},"end":{"line":25,"column":null}},"line":21},"3":{"name":"update","decl":{"start":{"line":27,"column":15},"end":{"line":27,"column":22}},"loc":{"start":{"line":27,"column":61},"end":{"line":34,"column":null}},"line":27},"4":{"name":"delete","decl":{"start":{"line":36,"column":15},"end":{"line":36,"column":22}},"loc":{"start":{"line":36,"column":34},"end":{"line":42,"column":null}},"line":36}},"branchMap":{},"s":{"0":1,"1":2,"2":1,"3":1,"4":1},"f":{"0":1,"1":1,"2":1,"3":1,"4":1},"b":{},"meta":{"lastBranch":0,"lastFunction":5,"lastStatement":5,"seen":{"f:5:15:5:25":0,"s:6:4:10:Infinity":0,"f:13:15:13:24":1,"s:14:4:18:Infinity":1,"f:21:15:21:22":2,"s:22:4:24:Infinity":2,"f:27:15:27:22":3,"s:28:4:33:Infinity":3,"f:36:15:36:22":4,"s:37:4:41:Infinity":4},"fnNames":{}}}
,"/home/origin/project/web/ims-backend/src/modules/products/products.service.ts": {"path":"/home/origin/project/web/ims-backend/src/modules/products/products.service.ts","statementMap":{"0":{"start":{"line":6,"column":4},"end":{"line":13,"column":null}},"1":{"start":{"line":17,"column":4},"end":{"line":24,"column":null}},"2":{"start":{"line":28,"column":4},"end":{"line":36,"column":null}},"3":{"start":{"line":40,"column":4},"end":{"line":48,"column":null}},"4":{"start":{"line":52,"column":4},"end":{"line":56,"column":null}}},"fnMap":{"0":{"name":"findAll","decl":{"start":{"line":5,"column":15},"end":{"line":5,"column":25}},"loc":{"start":{"line":5,"column":25},"end":{"line":14,"column":null}},"line":5},"1":{"name":"findById","decl":{"start":{"line":16,"column":15},"end":{"line":16,"column":24}},"loc":{"start":{"line":16,"column":36},"end":{"line":25,"column":null}},"line":16},"2":{"name":"create","decl":{"start":{"line":27,"column":15},"end":{"line":27,"column":22}},"loc":{"start":{"line":27,"column":67},"end":{"line":37,"column":null}},"line":27},"3":{"name":"update","decl":{"start":{"line":39,"column":15},"end":{"line":39,"column":22}},"loc":{"start":{"line":39,"column":60},"end":{"line":49,"column":null}},"line":39},"4":{"name":"delete","decl":{"start":{"line":51,"column":15},"end":{"line":51,"column":22}},"loc":{"start":{"line":51,"column":34},"end":{"line":57,"column":null}},"line":51}},"branchMap":{},"s":{"0":1,"1":2,"2":1,"3":1,"4":1},"f":{"0":1,"1":1,"2":1,"3":1,"4":1},"b":{},"meta":{"lastBranch":0,"lastFunction":5,"lastStatement":5,"seen":{"f:5:15:5:25":0,"s:6:4:13:Infinity":0,"f:16:15:16:24":1,"s:17:4:24:Infinity":1,"f:27:15:27:22":2,"s:28:4:36:Infinity":2,"f:39:15:39:22":3,"s:40:4:48:Infinity":3,"f:51:15:51:22":4,"s:52:4:56:Infinity":4},"fnNames":{}}}
,"/home/origin/project/web/ims-backend/src/modules/stock-movements/stock-movements.service.ts": {"path":"/home/origin/project/web/ims-backend/src/modules/stock-movements/stock-movements.service.ts","statementMap":{"0":{"start":{"line":7,"column":4},"end":{"line":15,"column":null}},"1":{"start":{"line":19,"column":4},"end":{"line":27,"column":null}},"2":{"start":{"line":31,"column":4},"end":{"line":42,"column":null}},"3":{"start":{"line":46,"column":4},"end":{"line":108,"column":null}},"4":{"start":{"line":47,"column":22},"end":{"line":51,"column":null}},"5":{"start":{"line":53,"column":6},"end":{"line":55,"column":null}},"6":{"start":{"line":54,"column":8},"end":{"line":54,"column":null}},"7":{"start":{"line":57,"column":26},"end":{"line":57,"column":null}},"8":{"start":{"line":59,"column":23},"end":{"line":59,"column":null}},"9":{"start":{"line":61,"column":6},"end":{"line":73,"column":null}},"10":{"start":{"line":63,"column":10},"end":{"line":63,"column":null}},"11":{"start":{"line":64,"column":10},"end":{"line":64,"column":null}},"12":{"start":{"line":67,"column":10},"end":{"line":67,"column":null}},"13":{"start":{"line":68,"column":10},"end":{"line":68,"column":null}},"14":{"start":{"line":71,"column":10},"end":{"line":71,"column":null}},"15":{"start":{"line":72,"column":10},"end":{"line":72,"column":null}},"16":{"start":{"line":75,"column":6},"end":{"line":77,"column":null}},"17":{"start":{"line":76,"column":8},"end":{"line":76,"column":null}},"18":{"start":{"line":79,"column":23},"end":{"line":96,"column":null}},"19":{"start":{"line":98,"column":6},"end":{"line":105,"column":null}},"20":{"start":{"line":107,"column":6},"end":{"line":107,"column":null}}},"fnMap":{"0":{"name":"findAll","decl":{"start":{"line":6,"column":15},"end":{"line":6,"column":25}},"loc":{"start":{"line":6,"column":25},"end":{"line":16,"column":null}},"line":6},"1":{"name":"findById","decl":{"start":{"line":18,"column":15},"end":{"line":18,"column":24}},"loc":{"start":{"line":18,"column":36},"end":{"line":28,"column":null}},"line":18},"2":{"name":"findByProduct","decl":{"start":{"line":30,"column":15},"end":{"line":30,"column":29}},"loc":{"start":{"line":30,"column":48},"end":{"line":43,"column":null}},"line":30},"3":{"name":"create","decl":{"start":{"line":45,"column":15},"end":{"line":45,"column":22}},"loc":{"start":{"line":45,"column":70},"end":{"line":109,"column":null}},"line":45},"4":{"name":"(anonymous_4)","decl":{"start":{"line":46,"column":31},"end":{"line":46,"column":38}},"loc":{"start":{"line":46,"column":45},"end":{"line":108,"column":5}},"line":46}},"branchMap":{"0":{"loc":{"start":{"line":53,"column":6},"end":{"line":55,"column":null}},"type":"if","locations":[{"start":{"line":53,"column":6},"end":{"line":55,"column":null}},{"start":{},"end":{}}],"line":53},"1":{"loc":{"start":{"line":61,"column":6},"end":{"line":73,"column":null}},"type":"switch","locations":[{"start":{"line":62,"column":8},"end":{"line":64,"column":null}},{"start":{"line":66,"column":8},"end":{"line":68,"column":null}},{"start":{"line":70,"column":8},"end":{"line":72,"column":null}}],"line":61},"2":{"loc":{"start":{"line":75,"column":6},"end":{"line":77,"column":null}},"type":"if","locations":[{"start":{"line":75,"column":6},"end":{"line":77,"column":null}},{"start":{},"end":{}}],"line":75}},"s":{"0":1,"1":2,"2":1,"3":6,"4":6,"5":6,"6":1,"7":5,"8":5,"9":5,"10":2,"11":2,"12":2,"13":2,"14":1,"15":1,"16":5,"17":1,"18":4,"19":4,"20":4},"f":{"0":1,"1":1,"2":1,"3":1,"4":6},"b":{"0":[1,5],"1":[2,2,1],"2":[1,4]},"meta":{"lastBranch":3,"lastFunction":5,"lastStatement":21,"seen":{"f:6:15:6:25":0,"s:7:4:15:Infinity":0,"f:18:15:18:24":1,"s:19:4:27:Infinity":1,"f:30:15:30:29":2,"s:31:4:42:Infinity":2,"f:45:15:45:22":3,"s:46:4:108:Infinity":3,"f:46:31:46:38":4,"s:47:22:51:Infinity":4,"b:53:6:55:Infinity:undefined:undefined:undefined:undefined":0,"s:53:6:55:Infinity":5,"s:54:8:54:Infinity":6,"s:57:26:57:Infinity":7,"s:59:23:59:Infinity":8,"b:62:8:64:Infinity:66:8:68:Infinity:70:8:72:Infinity":1,"s:61:6:73:Infinity":9,"s:63:10:63:Infinity":10,"s:64:10:64:Infinity":11,"s:67:10:67:Infinity":12,"s:68:10:68:Infinity":13,"s:71:10:71:Infinity":14,"s:72:10:72:Infinity":15,"b:75:6:77:Infinity:undefined:undefined:undefined:undefined":2,"s:75:6:77:Infinity":16,"s:76:8:76:Infinity":17,"s:79:23:96:Infinity":18,"s:98:6:105:Infinity":19,"s:107:6:107:Infinity":20},"fnNames":{}}}
}
